<?xml version="1.0" encoding="UTF-8"?>
<!-- Generated by org.testng.reporters.JUnitReportReporter -->
<testsuite skipped="0" hostname="ip-172-31-32-176" name="com.simplilearn.testng.NewTest" tests="2" failures="0" timestamp="2021-06-12T07:57:44 UTC" time="0.010" errors="0">
  <testcase name="f" time="0.008" classname="com.simplilearn.testng.NewTest"/>
  <system-out/>
  <testcase name="f" time="0.002" classname="com.simplilearn.testng.NewTest"/>
  <system-out/>
</testsuite> <!-- com.simplilearn.testng.NewTest -->
