<?xml version="1.0" encoding="UTF-8"?>
<!-- Generated by org.testng.reporters.JUnitReportReporter -->
<testsuite skipped="0" hostname="ip-172-31-32-176" name="com.simplilearn.testng.DemoTestNg2" tests="3" failures="0" timestamp="2021-06-13T04:22:35 UTC" time="0.010" errors="0">
  <testcase name="test2" time="0.001" classname="com.simplilearn.testng.DemoTestNg2"/>
  <system-out/>
  <testcase name="f" time="0.001" classname="com.simplilearn.testng.DemoTestNg2"/>
  <system-out/>
  <testcase name="f" time="0.008" classname="com.simplilearn.testng.DemoTestNg2"/>
  <system-out/>
</testsuite> <!-- com.simplilearn.testng.DemoTestNg2 -->
