<?xml version="1.0" encoding="UTF-8"?>
<!-- Generated by org.testng.reporters.JUnitReportReporter -->
<testsuite skipped="0" hostname="ip-172-31-32-176" name="com.simplilearn.testng.PracTestNg" tests="2" failures="0" timestamp="2021-06-12T07:45:50 UTC" time="0.009" errors="0">
  <testcase name="test1" time="0.004" classname="com.simplilearn.testng.PracTestNg"/>
  <system-out/>
  <testcase name="test" time="0.005" classname="com.simplilearn.testng.PracTestNg"/>
  <system-out/>
</testsuite> <!-- com.simplilearn.testng.PracTestNg -->
