<?xml version="1.0" encoding="UTF-8"?>
<!-- Generated by org.testng.reporters.JUnitReportReporter -->
<testsuite skipped="0" hostname="ip-172-31-32-176" name="com.simplilearn.testng1.DemoTestNGTests" tests="2" failures="0" timestamp="2021-06-13T04:11:24 UTC" time="0.001" errors="0">
  <testcase name="testcase" time="0.000" classname="com.simplilearn.testng1.DemoTestNGTests"/>
  <system-out/>
  <testcase name="f" time="0.001" classname="com.simplilearn.testng1.DemoTestNGTests"/>
  <system-out/>
</testsuite> <!-- com.simplilearn.testng1.DemoTestNGTests -->
