<?xml version="1.0" encoding="UTF-8"?>
<!-- Generated by org.testng.reporters.JUnitReportReporter -->
<testsuite skipped="0" hostname="ip-172-31-32-176" name="com.simplilearn.testng.DemoTestNg" tests="3" failures="0" timestamp="2021-06-13T04:23:24 UTC" time="0.010" errors="0">
  <testcase name="f" time="0.006" classname="com.simplilearn.testng.DemoTestNg"/>
  <system-out/>
  <testcase name="f" time="0.003" classname="com.simplilearn.testng.DemoTestNg"/>
  <system-out/>
  <testcase name="test" time="0.001" classname="com.simplilearn.testng.DemoTestNg"/>
  <system-out/>
</testsuite> <!-- com.simplilearn.testng.DemoTestNg -->
